<?xml version="1.0" encoding="UTF-8"?>
<testsuite xmlns:xsi="http://www.w3.org/2001/XMLSchema-instance" xsi:noNamespaceSchemaLocation="https://maven.apache.org/surefire/maven-surefire-plugin/xsd/surefire-test-report.xsd" name="Grupo35.ES2.AppTest" time="0.094" tests="3" errors="0" skipped="0" failures="0">
  <properties>
[...]
</properties>
  <testcase name="testCompString" classname="Grupo35.ES2.AppTest" time="0.018"/>
  <testcase name="testCountA" classname="Grupo35.ES2.AppTest" time="0"/>
  <testcase name="testSquare" classname="Grupo35.ES2.AppTest" time="0"/>
</testsuite>